<?xml version="1.0" encoding="UTF-8"?>
<!-- Generated by org.testng.reporters.JUnitXMLReporter -->
<testsuite ignored="0" hostname="sham" failures="0" tests="8" name="REST APIs" time="8.408" errors="0" timestamp="2024-01-18T13:29:55 IST">
  <testcase classname="com.simplilearn.resttesting.GetRequestTest" name="getRequestTest" time="3.333"/>
  <testcase classname="com.simplilearn.resttesting.GetRequestTest" name="getRequestWithQueryParmsTest" time="0.331"/>
  <testcase classname="com.simplilearn.resttesting.GetRequestTest" name="getRequestWithUserIdTest" time="0.256"/>
  <testcase classname="com.simplilearn.resttesting.PostRequestTest" name="postRequestTest" time="1.611"/>
  <testcase classname="com.simplilearn.resttesting.PutRequestTest" name="putRequestTest" time="1.156"/>
  <testcase classname="com.simplilearn.resttesting.DeleteRequestTest" name="putRequestTest" time="0.545"/>
  <testcase classname="com.simplilearn.resttesting.DeleteRequestTest" name="putRequestTest" time="0.543"/>
  <testcase classname="com.simplilearn.resttesting.DeleteRequestTest" name="putRequestTest" time="0.54"/>
</testsuite> <!-- REST APIs -->
