<?xml version="1.0" encoding="UTF-8"?>
<!-- Generated by org.testng.reporters.JUnitXMLReporter -->
<testsuite ignored="0" hostname="sham" failures="0" tests="5" name="SOAP APIs" time="5.379" errors="0" timestamp="2024-01-18T13:30:00 IST">
  <testcase classname="com.simplilearn.soaptesting.GetCapitalByCountryCodeTest" name="postXMLRequestTest" time="0.793"/>
  <testcase classname="com.simplilearn.soaptesting.GetCapitalByCountryCodeTest" name="postXMLRequestTest" time="0.71"/>
  <testcase classname="com.simplilearn.soaptesting.GetCapitalByCountryCodeTest" name="postXMLRequestTest" time="0.696"/>
  <testcase classname="com.simplilearn.soaptesting.GetCapitalByCountryCodeTest" name="postXMLRequestTest" time="0.66"/>
  <testcase classname="com.simplilearn.soaptesting.NumberToWordConversion" name="postXMLRequestTest" time="2.506"/>
</testsuite> <!-- SOAP APIs -->
