<?xml version="1.0" encoding="UTF-8"?>
<!-- Generated by org.testng.reporters.JUnitXMLReporter -->
<testsuite ignored="0" hostname="sham" failures="0" tests="2" name="Default test" time="13.366" errors="0" timestamp="2023-12-20T13:48:17 IST">
  <testcase classname="com.simplilearn.testng.amazon.LinkVerificationCssSelector" name="xpathLinkTest1" time="3.003"/>
  <testcase classname="com.simplilearn.testng.amazon.LinkVerificationCssSelector" name="xpathLinkTest2" time="1.925"/>
</testsuite> <!-- Default test -->
