<?xml version="1.0" encoding="UTF-8"?>
<testng-results ignored="0" total="23" passed="22" failed="1" skipped="0">
  <reporter-output>
  </reporter-output>
  <suite started-at="2023-12-20T14:23:13 IST" name="ecom Webapp Test Suite" finished-at="2023-12-20T14:25:05 IST" duration-ms="111998">
    <groups>
      <group name="Regression Test">
        <method signature="AttributeGroup.r1()[pri:0, instance:com.simplilearn.testng.AttributeGroup@54422e18]" name="r1" class="com.simplilearn.testng.AttributeGroup"/>
        <method signature="AttributeGroup.r2()[pri:0, instance:com.simplilearn.testng.AttributeGroup@54422e18]" name="r2" class="com.simplilearn.testng.AttributeGroup"/>
        <method signature="AttributeGroup.r3()[pri:0, instance:com.simplilearn.testng.AttributeGroup@54422e18]" name="r3" class="com.simplilearn.testng.AttributeGroup"/>
      </group> <!-- Regression Test -->
    </groups>
    <test started-at="2023-12-20T14:23:13 IST" name="Amazon Test" finished-at="2023-12-20T14:25:05 IST" duration-ms="111721">
      <class name="com.simplilearn.testng.amazon.AmazonHomePage">
        <test-method is-config="true" signature="setUp()[pri:0, instance:com.simplilearn.testng.amazon.AmazonHomePage@6404f418]" started-at="2023-12-20T14:23:13 IST" name="setUp" finished-at="2023-12-20T14:23:23 IST" duration-ms="10216" status="PASS">
          <reporter-output>
          </reporter-output>
        </test-method> <!-- setUp -->
        <test-method signature="testAmazonHomePageSourceUrl()[pri:0, instance:com.simplilearn.testng.amazon.AmazonHomePage@6404f418]" started-at="2023-12-20T14:23:23 IST" name="testAmazonHomePageSourceUrl" description="Test Amazon Home Page Source Url" finished-at="2023-12-20T14:23:23 IST" duration-ms="21" status="PASS">
          <reporter-output>
          </reporter-output>
        </test-method> <!-- testAmazonHomePageSourceUrl -->
        <test-method is-config="true" signature="cleanUp()[pri:0, instance:com.simplilearn.testng.amazon.AmazonHomePage@6404f418]" started-at="2023-12-20T14:23:23 IST" name="cleanUp" finished-at="2023-12-20T14:23:27 IST" duration-ms="3955" status="PASS">
          <reporter-output>
          </reporter-output>
        </test-method> <!-- cleanUp -->
        <test-method is-config="true" signature="setUp()[pri:0, instance:com.simplilearn.testng.amazon.AmazonHomePage@6404f418]" started-at="2023-12-20T14:23:27 IST" name="setUp" finished-at="2023-12-20T14:23:35 IST" duration-ms="7612" status="PASS">
          <reporter-output>
          </reporter-output>
        </test-method> <!-- setUp -->
        <test-method signature="testAmazonHomePageTitle()[pri:0, instance:com.simplilearn.testng.amazon.AmazonHomePage@6404f418]" started-at="2023-12-20T14:23:35 IST" name="testAmazonHomePageTitle" description="Test Amazon Home Page Title Match" finished-at="2023-12-20T14:23:35 IST" duration-ms="11" status="PASS">
          <reporter-output>
          </reporter-output>
        </test-method> <!-- testAmazonHomePageTitle -->
        <test-method is-config="true" signature="cleanUp()[pri:0, instance:com.simplilearn.testng.amazon.AmazonHomePage@6404f418]" started-at="2023-12-20T14:23:35 IST" name="cleanUp" finished-at="2023-12-20T14:23:39 IST" duration-ms="3993" status="PASS">
          <reporter-output>
          </reporter-output>
        </test-method> <!-- cleanUp -->
        <test-method is-config="true" signature="setUp()[pri:0, instance:com.simplilearn.testng.amazon.AmazonHomePage@6404f418]" started-at="2023-12-20T14:23:39 IST" name="setUp" finished-at="2023-12-20T14:23:46 IST" duration-ms="7659" status="PASS">
          <reporter-output>
          </reporter-output>
        </test-method> <!-- setUp -->
        <test-method signature="testAmazonHomePageTitle2()[pri:0, instance:com.simplilearn.testng.amazon.AmazonHomePage@6404f418]" started-at="2023-12-20T14:23:46 IST" name="testAmazonHomePageTitle2" description="Test Amazon Home Page Title Invalid Match" finished-at="2023-12-20T14:23:46 IST" duration-ms="9" status="PASS">
          <reporter-output>
          </reporter-output>
        </test-method> <!-- testAmazonHomePageTitle2 -->
        <test-method is-config="true" signature="cleanUp()[pri:0, instance:com.simplilearn.testng.amazon.AmazonHomePage@6404f418]" started-at="2023-12-20T14:23:46 IST" name="cleanUp" finished-at="2023-12-20T14:23:50 IST" duration-ms="3251" status="PASS">
          <reporter-output>
          </reporter-output>
        </test-method> <!-- cleanUp -->
      </class> <!-- com.simplilearn.testng.amazon.AmazonHomePage -->
      <class name="com.simplilearn.testng.amazon.AmazonSearchTest">
        <test-method is-config="true" signature="beforeClass()[pri:0, instance:com.simplilearn.testng.amazon.AmazonSearchTest@576d5deb]" started-at="2023-12-20T14:23:50 IST" name="beforeClass" finished-at="2023-12-20T14:23:53 IST" duration-ms="2996" status="PASS">
          <reporter-output>
          </reporter-output>
        </test-method> <!-- beforeClass -->
        <test-method signature="testSearch1()[pri:0, instance:com.simplilearn.testng.amazon.AmazonSearchTest@576d5deb]" started-at="2023-12-20T14:23:53 IST" name="testSearch1" description="Search Iphone 15 pro max" finished-at="2023-12-20T14:23:57 IST" duration-ms="4309" status="PASS">
          <reporter-output>
          </reporter-output>
        </test-method> <!-- testSearch1 -->
        <test-method signature="testSearch2()[pri:0, instance:com.simplilearn.testng.amazon.AmazonSearchTest@576d5deb]" started-at="2023-12-20T14:23:57 IST" name="testSearch2" description="Apple Mac book" finished-at="2023-12-20T14:24:01 IST" duration-ms="4157" status="PASS">
          <reporter-output>
          </reporter-output>
        </test-method> <!-- testSearch2 -->
        <test-method signature="testSearch3()[pri:0, instance:com.simplilearn.testng.amazon.AmazonSearchTest@576d5deb]" started-at="2023-12-20T14:24:01 IST" name="testSearch3" description="Search for TCS Tv" finished-at="2023-12-20T14:24:06 IST" duration-ms="4426" status="PASS">
          <reporter-output>
          </reporter-output>
        </test-method> <!-- testSearch3 -->
        <test-method is-config="true" signature="afterClass()[pri:0, instance:com.simplilearn.testng.amazon.AmazonSearchTest@576d5deb]" started-at="2023-12-20T14:24:06 IST" name="afterClass" finished-at="2023-12-20T14:24:06 IST" duration-ms="363" status="PASS">
          <reporter-output>
          </reporter-output>
        </test-method> <!-- afterClass -->
      </class> <!-- com.simplilearn.testng.amazon.AmazonSearchTest -->
      <class name="com.simplilearn.testng.amazon.LinkVerificationTest">
        <test-method is-config="true" signature="setUp()[pri:0, instance:com.simplilearn.testng.amazon.LinkVerificationTest@5d534f5d]" started-at="2023-12-20T14:24:06 IST" name="setUp" finished-at="2023-12-20T14:24:14 IST" duration-ms="7544" status="PASS">
          <reporter-output>
          </reporter-output>
        </test-method> <!-- setUp -->
        <test-method signature="linkTest1()[pri:0, instance:com.simplilearn.testng.amazon.LinkVerificationTest@5d534f5d]" started-at="2023-12-20T14:24:14 IST" name="linkTest1" description="Test Amazon Mobile Phones Title Match" finished-at="2023-12-20T14:24:17 IST" duration-ms="3082" status="PASS">
          <reporter-output>
          </reporter-output>
        </test-method> <!-- linkTest1 -->
        <test-method is-config="true" signature="cleanUp()[pri:0, instance:com.simplilearn.testng.amazon.LinkVerificationTest@5d534f5d]" started-at="2023-12-20T14:24:17 IST" name="cleanUp" finished-at="2023-12-20T14:24:19 IST" duration-ms="2783" status="PASS">
          <reporter-output>
          </reporter-output>
        </test-method> <!-- cleanUp -->
        <test-method is-config="true" signature="setUp()[pri:0, instance:com.simplilearn.testng.amazon.LinkVerificationTest@5d534f5d]" started-at="2023-12-20T14:24:19 IST" name="setUp" finished-at="2023-12-20T14:24:27 IST" duration-ms="7117" status="PASS">
          <reporter-output>
          </reporter-output>
        </test-method> <!-- setUp -->
        <test-method signature="linkTest2()[pri:0, instance:com.simplilearn.testng.amazon.LinkVerificationTest@5d534f5d]" started-at="2023-12-20T14:24:27 IST" name="linkTest2" description="Verify the Todays deals link" finished-at="2023-12-20T14:24:29 IST" duration-ms="2653" status="PASS">
          <reporter-output>
          </reporter-output>
        </test-method> <!-- linkTest2 -->
        <test-method is-config="true" signature="cleanUp()[pri:0, instance:com.simplilearn.testng.amazon.LinkVerificationTest@5d534f5d]" started-at="2023-12-20T14:24:29 IST" name="cleanUp" finished-at="2023-12-20T14:24:32 IST" duration-ms="2988" status="PASS">
          <reporter-output>
          </reporter-output>
        </test-method> <!-- cleanUp -->
      </class> <!-- com.simplilearn.testng.amazon.LinkVerificationTest -->
      <class name="com.simplilearn.testng.amazon.LinkVerificationCssSelector">
        <test-method is-config="true" signature="setUp()[pri:0, instance:com.simplilearn.testng.amazon.LinkVerificationCssSelector@70e9c95d]" started-at="2023-12-20T14:24:57 IST" name="setUp" finished-at="2023-12-20T14:25:00 IST" duration-ms="2282" status="PASS">
          <reporter-output>
          </reporter-output>
        </test-method> <!-- setUp -->
        <test-method signature="xpathLinkTest1()[pri:0, instance:com.simplilearn.testng.amazon.LinkVerificationCssSelector@70e9c95d]" started-at="2023-12-20T14:25:00 IST" name="xpathLinkTest1" description="Test Amazon Mobile Phones Title Match" finished-at="2023-12-20T14:25:00 IST" duration-ms="40" status="FAIL">
          <exception class="org.openqa.selenium.NoSuchElementException">
            <message>
              <![CDATA[no such element: Unable to locate element: {"method":"css selector","selector":"#nav-xshop > a:nth-child(7)"}
  (Session info: chrome=120.0.6099.110)
For documentation on this error, please visit: https://www.selenium.dev/documentation/webdriver/troubleshooting/errors#no-such-element-exception
Build info: version: '4.15.0', revision: '1d14b5521b'
System info: os.name: 'Windows 11', os.arch: 'amd64', os.version: '10.0', java.version: '17.0.9'
Driver info: org.openqa.selenium.chrome.ChromeDriver
Command: [a79d4f42bc4037fd15154ef78297731e, findElement {using=css selector, value=#nav-xshop > a:nth-child(7)}]
Capabilities {acceptInsecureCerts: false, browserName: chrome, browserVersion: 120.0.6099.110, chrome: {chromedriverVersion: 120.0.6099.109 (3419140ab66..., userDataDir: C:\Users\sham2\AppData\Loca...}, fedcm:accounts: true, goog:chromeOptions: {debuggerAddress: localhost:63648}, networkConnectionEnabled: false, pageLoadStrategy: normal, platformName: windows, proxy: Proxy(), se:cdp: ws://localhost:63648/devtoo..., se:cdpVersion: 120.0.6099.110, setWindowRect: true, strictFileInteractability: false, timeouts: {implicit: 0, pageLoad: 300000, script: 30000}, unhandledPromptBehavior: dismiss and notify, webauthn:extension:credBlob: true, webauthn:extension:largeBlob: true, webauthn:extension:minPinLength: true, webauthn:extension:prf: true, webauthn:virtualAuthenticators: true}
Session ID: a79d4f42bc4037fd15154ef78297731e]]>
            </message>
            <full-stacktrace>
              <![CDATA[org.openqa.selenium.NoSuchElementException: no such element: Unable to locate element: {"method":"css selector","selector":"#nav-xshop > a:nth-child(7)"}
  (Session info: chrome=120.0.6099.110)
For documentation on this error, please visit: https://www.selenium.dev/documentation/webdriver/troubleshooting/errors#no-such-element-exception
Build info: version: '4.15.0', revision: '1d14b5521b'
System info: os.name: 'Windows 11', os.arch: 'amd64', os.version: '10.0', java.version: '17.0.9'
Driver info: org.openqa.selenium.chrome.ChromeDriver
Command: [a79d4f42bc4037fd15154ef78297731e, findElement {using=css selector, value=#nav-xshop > a:nth-child(7)}]
Capabilities {acceptInsecureCerts: false, browserName: chrome, browserVersion: 120.0.6099.110, chrome: {chromedriverVersion: 120.0.6099.109 (3419140ab66..., userDataDir: C:\Users\sham2\AppData\Loca...}, fedcm:accounts: true, goog:chromeOptions: {debuggerAddress: localhost:63648}, networkConnectionEnabled: false, pageLoadStrategy: normal, platformName: windows, proxy: Proxy(), se:cdp: ws://localhost:63648/devtoo..., se:cdpVersion: 120.0.6099.110, setWindowRect: true, strictFileInteractability: false, timeouts: {implicit: 0, pageLoad: 300000, script: 30000}, unhandledPromptBehavior: dismiss and notify, webauthn:extension:credBlob: true, webauthn:extension:largeBlob: true, webauthn:extension:minPinLength: true, webauthn:extension:prf: true, webauthn:virtualAuthenticators: true}
Session ID: a79d4f42bc4037fd15154ef78297731e
at java.base/jdk.internal.reflect.NativeConstructorAccessorImpl.newInstance0(Native Method)
at java.base/jdk.internal.reflect.NativeConstructorAccessorImpl.newInstance(NativeConstructorAccessorImpl.java:77)
at java.base/jdk.internal.reflect.DelegatingConstructorAccessorImpl.newInstance(DelegatingConstructorAccessorImpl.java:45)
at java.base/java.lang.reflect.Constructor.newInstanceWithCaller(Constructor.java:499)
at java.base/java.lang.reflect.Constructor.newInstance(Constructor.java:480)
at org.openqa.selenium.remote.codec.w3c.W3CHttpResponseCodec.createException(W3CHttpResponseCodec.java:200)
at org.openqa.selenium.remote.codec.w3c.W3CHttpResponseCodec.decode(W3CHttpResponseCodec.java:133)
at org.openqa.selenium.remote.codec.w3c.W3CHttpResponseCodec.decode(W3CHttpResponseCodec.java:52)
at org.openqa.selenium.remote.HttpCommandExecutor.execute(HttpCommandExecutor.java:191)
at org.openqa.selenium.remote.service.DriverCommandExecutor.invokeExecute(DriverCommandExecutor.java:200)
at org.openqa.selenium.remote.service.DriverCommandExecutor.execute(DriverCommandExecutor.java:175)
at org.openqa.selenium.remote.RemoteWebDriver.execute(RemoteWebDriver.java:607)
at org.openqa.selenium.remote.ElementLocation$ElementFinder$2.findElement(ElementLocation.java:165)
at org.openqa.selenium.remote.ElementLocation.findElement(ElementLocation.java:59)
at org.openqa.selenium.remote.RemoteWebDriver.findElement(RemoteWebDriver.java:364)
at org.openqa.selenium.remote.RemoteWebDriver.findElement(RemoteWebDriver.java:358)
at com.simplilearn.testng.amazon.LinkVerificationCssSelector.xpathLinkTest1(LinkVerificationCssSelector.java:31)
at java.base/jdk.internal.reflect.NativeMethodAccessorImpl.invoke0(Native Method)
at java.base/jdk.internal.reflect.NativeMethodAccessorImpl.invoke(NativeMethodAccessorImpl.java:77)
at java.base/jdk.internal.reflect.DelegatingMethodAccessorImpl.invoke(DelegatingMethodAccessorImpl.java:43)
at java.base/java.lang.reflect.Method.invoke(Method.java:568)
at org.testng.internal.invokers.MethodInvocationHelper.invokeMethod(MethodInvocationHelper.java:139)
at org.testng.internal.invokers.TestInvoker.invokeMethod(TestInvoker.java:664)
at org.testng.internal.invokers.TestInvoker.invokeTestMethod(TestInvoker.java:227)
at org.testng.internal.invokers.MethodRunner.runInSequence(MethodRunner.java:50)
at org.testng.internal.invokers.TestInvoker$MethodInvocationAgent.invoke(TestInvoker.java:957)
at org.testng.internal.invokers.TestInvoker.invokeTestMethods(TestInvoker.java:200)
at org.testng.internal.invokers.TestMethodWorker.invokeTestMethods(TestMethodWorker.java:148)
at org.testng.internal.invokers.TestMethodWorker.run(TestMethodWorker.java:128)
at java.base/java.util.ArrayList.forEach(ArrayList.java:1511)
at org.testng.TestRunner.privateRun(TestRunner.java:848)
at org.testng.TestRunner.run(TestRunner.java:621)
at org.testng.SuiteRunner.runTest(SuiteRunner.java:443)
at org.testng.SuiteRunner.runSequentially(SuiteRunner.java:437)
at org.testng.SuiteRunner.privateRun(SuiteRunner.java:397)
at org.testng.SuiteRunner.run(SuiteRunner.java:336)
at org.testng.SuiteRunnerWorker.runSuite(SuiteRunnerWorker.java:52)
at org.testng.SuiteRunnerWorker.run(SuiteRunnerWorker.java:95)
at org.testng.TestNG.runSuitesSequentially(TestNG.java:1280)
at org.testng.TestNG.runSuitesLocally(TestNG.java:1200)
at org.testng.TestNG.runSuites(TestNG.java:1114)
at org.testng.TestNG.run(TestNG.java:1082)
at org.testng.remote.AbstractRemoteTestNG.run(AbstractRemoteTestNG.java:115)
at org.testng.remote.RemoteTestNG.initAndRun(RemoteTestNG.java:251)
at org.testng.remote.RemoteTestNG.main(RemoteTestNG.java:77)
]]>
            </full-stacktrace>
          </exception> <!-- org.openqa.selenium.NoSuchElementException -->
          <reporter-output>
          </reporter-output>
        </test-method> <!-- xpathLinkTest1 -->
        <test-method is-config="true" signature="cleanUp()[pri:0, instance:com.simplilearn.testng.amazon.LinkVerificationCssSelector@70e9c95d]" started-at="2023-12-20T14:25:00 IST" name="cleanUp" finished-at="2023-12-20T14:25:00 IST" duration-ms="202" status="PASS">
          <reporter-output>
          </reporter-output>
        </test-method> <!-- cleanUp -->
        <test-method is-config="true" signature="setUp()[pri:0, instance:com.simplilearn.testng.amazon.LinkVerificationCssSelector@70e9c95d]" started-at="2023-12-20T14:25:00 IST" name="setUp" finished-at="2023-12-20T14:25:03 IST" duration-ms="2852" status="PASS">
          <reporter-output>
          </reporter-output>
        </test-method> <!-- setUp -->
        <test-method signature="xpathLinkTest2()[pri:0, instance:com.simplilearn.testng.amazon.LinkVerificationCssSelector@70e9c95d]" started-at="2023-12-20T14:25:03 IST" name="xpathLinkTest2" description="Test Today deals Title Match" finished-at="2023-12-20T14:25:04 IST" duration-ms="1735" status="PASS">
          <reporter-output>
          </reporter-output>
        </test-method> <!-- xpathLinkTest2 -->
        <test-method is-config="true" signature="cleanUp()[pri:0, instance:com.simplilearn.testng.amazon.LinkVerificationCssSelector@70e9c95d]" started-at="2023-12-20T14:25:04 IST" name="cleanUp" finished-at="2023-12-20T14:25:05 IST" duration-ms="267" status="PASS">
          <reporter-output>
          </reporter-output>
        </test-method> <!-- cleanUp -->
      </class> <!-- com.simplilearn.testng.amazon.LinkVerificationCssSelector -->
      <class name="com.simplilearn.testng.amazon.LinkVerificationXpath">
        <test-method is-config="true" signature="setUp()[pri:0, instance:com.simplilearn.testng.amazon.LinkVerificationXpath@2e3967ea]" started-at="2023-12-20T14:24:32 IST" name="setUp" finished-at="2023-12-20T14:24:39 IST" duration-ms="6861" status="PASS">
          <reporter-output>
          </reporter-output>
        </test-method> <!-- setUp -->
        <test-method signature="xpathLinkTest1()[pri:0, instance:com.simplilearn.testng.amazon.LinkVerificationXpath@2e3967ea]" started-at="2023-12-20T14:24:39 IST" name="xpathLinkTest1" description="Test Amazon Mobile Phones Title Match" finished-at="2023-12-20T14:24:43 IST" duration-ms="3606" status="PASS">
          <reporter-output>
          </reporter-output>
        </test-method> <!-- xpathLinkTest1 -->
        <test-method is-config="true" signature="cleanUp()[pri:0, instance:com.simplilearn.testng.amazon.LinkVerificationXpath@2e3967ea]" started-at="2023-12-20T14:24:43 IST" name="cleanUp" finished-at="2023-12-20T14:24:46 IST" duration-ms="2912" status="PASS">
          <reporter-output>
          </reporter-output>
        </test-method> <!-- cleanUp -->
        <test-method is-config="true" signature="setUp()[pri:0, instance:com.simplilearn.testng.amazon.LinkVerificationXpath@2e3967ea]" started-at="2023-12-20T14:24:46 IST" name="setUp" finished-at="2023-12-20T14:24:53 IST" duration-ms="7082" status="PASS">
          <reporter-output>
          </reporter-output>
        </test-method> <!-- setUp -->
        <test-method signature="xpathLinkTest2()[pri:0, instance:com.simplilearn.testng.amazon.LinkVerificationXpath@2e3967ea]" started-at="2023-12-20T14:24:53 IST" name="xpathLinkTest2" description="Test Today deals Title Match" finished-at="2023-12-20T14:24:55 IST" duration-ms="2138" status="PASS">
          <reporter-output>
          </reporter-output>
        </test-method> <!-- xpathLinkTest2 -->
        <test-method is-config="true" signature="cleanUp()[pri:0, instance:com.simplilearn.testng.amazon.LinkVerificationXpath@2e3967ea]" started-at="2023-12-20T14:24:55 IST" name="cleanUp" finished-at="2023-12-20T14:24:57 IST" duration-ms="2497" status="PASS">
          <reporter-output>
          </reporter-output>
        </test-method> <!-- cleanUp -->
      </class> <!-- com.simplilearn.testng.amazon.LinkVerificationXpath -->
    </test> <!-- Amazon Test -->
    <test started-at="2023-12-20T14:25:05 IST" name="Group Test" finished-at="2023-12-20T14:25:05 IST" duration-ms="174">
      <class name="com.simplilearn.testng.AssertionTest">
        <test-method signature="assetTest()[pri:0, instance:com.simplilearn.testng.AssertionTest@117159c0]" started-at="2023-12-20T14:25:05 IST" name="assetTest" finished-at="2023-12-20T14:25:05 IST" duration-ms="2" status="PASS">
          <reporter-output>
          </reporter-output>
        </test-method> <!-- assetTest -->
        <test-method signature="hardAssert()[pri:0, instance:com.simplilearn.testng.AssertionTest@117159c0]" started-at="2023-12-20T14:25:05 IST" name="hardAssert" description="Hard Assertion Test" finished-at="2023-12-20T14:25:05 IST" duration-ms="2" status="PASS">
          <reporter-output>
          </reporter-output>
        </test-method> <!-- hardAssert -->
        <test-method signature="softAssert()[pri:0, instance:com.simplilearn.testng.AssertionTest@117159c0]" started-at="2023-12-20T14:25:05 IST" name="softAssert" description="Soft Assertion Test" finished-at="2023-12-20T14:25:05 IST" duration-ms="21" status="PASS">
          <reporter-output>
          </reporter-output>
        </test-method> <!-- softAssert -->
      </class> <!-- com.simplilearn.testng.AssertionTest -->
      <class name="com.simplilearn.testng.TestNGAnnotationTest">
        <test-method is-config="true" signature="setUpBeforeSuite()[pri:0, instance:com.simplilearn.testng.TestNGAnnotationTest@1ca3b418]" started-at="2023-12-20T14:23:13 IST" name="setUpBeforeSuite" finished-at="2023-12-20T14:23:13 IST" duration-ms="19" status="PASS">
          <reporter-output>
          </reporter-output>
        </test-method> <!-- setUpBeforeSuite -->
        <test-method signature="testOne()[pri:0, instance:com.simplilearn.testng.TestNGAnnotationTest@1ca3b418]" started-at="2023-12-20T14:25:05 IST" name="testOne" finished-at="2023-12-20T14:25:05 IST" duration-ms="2" status="PASS">
          <reporter-output>
          </reporter-output>
        </test-method> <!-- testOne -->
        <test-method is-config="true" signature="setUpBeforeMethod()[pri:0, instance:com.simplilearn.testng.TestNGAnnotationTest@1ca3b418]" started-at="2023-12-20T14:25:05 IST" name="setUpBeforeMethod" finished-at="2023-12-20T14:25:05 IST" duration-ms="0" status="PASS">
          <reporter-output>
          </reporter-output>
        </test-method> <!-- setUpBeforeMethod -->
        <test-method is-config="true" signature="cleanAfterMethod()[pri:0, instance:com.simplilearn.testng.TestNGAnnotationTest@1ca3b418]" started-at="2023-12-20T14:25:05 IST" name="cleanAfterMethod" finished-at="2023-12-20T14:25:05 IST" duration-ms="0" status="PASS">
          <reporter-output>
          </reporter-output>
        </test-method> <!-- cleanAfterMethod -->
        <test-method signature="testTwo()[pri:0, instance:com.simplilearn.testng.TestNGAnnotationTest@1ca3b418]" started-at="2023-12-20T14:25:05 IST" name="testTwo" finished-at="2023-12-20T14:25:05 IST" duration-ms="2" status="PASS">
          <reporter-output>
          </reporter-output>
        </test-method> <!-- testTwo -->
        <test-method is-config="true" signature="setUpBeforeMethod()[pri:0, instance:com.simplilearn.testng.TestNGAnnotationTest@1ca3b418]" started-at="2023-12-20T14:25:05 IST" name="setUpBeforeMethod" finished-at="2023-12-20T14:25:05 IST" duration-ms="0" status="PASS">
          <reporter-output>
          </reporter-output>
        </test-method> <!-- setUpBeforeMethod -->
        <test-method is-config="true" signature="cleanAfterMethod()[pri:0, instance:com.simplilearn.testng.TestNGAnnotationTest@1ca3b418]" started-at="2023-12-20T14:25:05 IST" name="cleanAfterMethod" finished-at="2023-12-20T14:25:05 IST" duration-ms="1" status="PASS">
          <reporter-output>
          </reporter-output>
        </test-method> <!-- cleanAfterMethod -->
        <test-method is-config="true" signature="setUpBeforeMethod()[pri:0, instance:com.simplilearn.testng.TestNGAnnotationTest@1ca3b418]" started-at="2023-12-20T14:25:05 IST" name="setUpBeforeMethod" finished-at="2023-12-20T14:25:05 IST" duration-ms="1" status="PASS">
          <reporter-output>
          </reporter-output>
        </test-method> <!-- setUpBeforeMethod -->
        <test-method signature="testthree()[pri:0, instance:com.simplilearn.testng.TestNGAnnotationTest@1ca3b418]" started-at="2023-12-20T14:25:05 IST" name="testthree" finished-at="2023-12-20T14:25:05 IST" duration-ms="1" status="PASS">
          <reporter-output>
          </reporter-output>
        </test-method> <!-- testthree -->
        <test-method is-config="true" signature="cleanAfterMethod()[pri:0, instance:com.simplilearn.testng.TestNGAnnotationTest@1ca3b418]" started-at="2023-12-20T14:25:05 IST" name="cleanAfterMethod" finished-at="2023-12-20T14:25:05 IST" duration-ms="0" status="PASS">
          <reporter-output>
          </reporter-output>
        </test-method> <!-- cleanAfterMethod -->
        <test-method is-config="true" signature="cleanAfterSuite()[pri:0, instance:com.simplilearn.testng.TestNGAnnotationTest@1ca3b418]" started-at="2023-12-20T14:25:05 IST" name="cleanAfterSuite" finished-at="2023-12-20T14:25:05 IST" duration-ms="0" status="PASS">
          <reporter-output>
          </reporter-output>
        </test-method> <!-- cleanAfterSuite -->
      </class> <!-- com.simplilearn.testng.TestNGAnnotationTest -->
      <class name="com.simplilearn.testng.AttributeGroup">
        <test-method signature="r1()[pri:0, instance:com.simplilearn.testng.AttributeGroup@54422e18]" started-at="2023-12-20T14:25:05 IST" name="r1" finished-at="2023-12-20T14:25:05 IST" duration-ms="1" status="PASS">
          <reporter-output>
          </reporter-output>
        </test-method> <!-- r1 -->
        <test-method signature="r2()[pri:0, instance:com.simplilearn.testng.AttributeGroup@54422e18]" started-at="2023-12-20T14:25:05 IST" name="r2" finished-at="2023-12-20T14:25:05 IST" duration-ms="109" status="PASS">
          <reporter-output>
          </reporter-output>
        </test-method> <!-- r2 -->
        <test-method signature="r3()[pri:0, instance:com.simplilearn.testng.AttributeGroup@54422e18]" started-at="2023-12-20T14:25:05 IST" name="r3" depends-on-groups="Regression Test" finished-at="2023-12-20T14:25:05 IST" duration-ms="1" status="PASS">
          <reporter-output>
          </reporter-output>
        </test-method> <!-- r3 -->
        <test-method signature="testOne()[pri:1, instance:com.simplilearn.testng.AttributeGroup@54422e18]" started-at="2023-12-20T14:25:05 IST" name="testOne" description="Sample Test one" finished-at="2023-12-20T14:25:05 IST" duration-ms="1" status="PASS">
          <reporter-output>
          </reporter-output>
        </test-method> <!-- testOne -->
        <test-method signature="testTwo()[pri:2, instance:com.simplilearn.testng.AttributeGroup@54422e18]" started-at="2023-12-20T14:25:05 IST" name="testTwo" description="Sample test two" finished-at="2023-12-20T14:25:05 IST" duration-ms="2" status="PASS">
          <reporter-output>
          </reporter-output>
        </test-method> <!-- testTwo -->
      </class> <!-- com.simplilearn.testng.AttributeGroup -->
    </test> <!-- Group Test -->
  </suite> <!-- ecom Webapp Test Suite -->
</testng-results>
