<?xml version="1.0" encoding="UTF-8"?>
<!-- Generated by org.testng.reporters.JUnitXMLReporter -->
<testsuite ignored="1" hostname="sham" failures="0" tests="11" name="Group Test" time="0.174" errors="0" timestamp="2023-12-20T14:25:05 IST">
  <testcase classname="com.simplilearn.testng.AssertionTest" name="assetTest" time="0.002"/>
  <testcase classname="com.simplilearn.testng.AssertionTest" name="hardAssert" time="0.002"/>
  <testcase classname="com.simplilearn.testng.AttributeGroup" name="r1" time="0.001"/>
  <testcase classname="com.simplilearn.testng.AttributeGroup" name="r2" time="0.109"/>
  <testcase classname="com.simplilearn.testng.AttributeGroup" name="r3" time="0.001"/>
  <testcase classname="com.simplilearn.testng.AssertionTest" name="softAssert" time="0.021"/>
  <testcase classname="com.simplilearn.testng.TestNGAnnotationTest" name="testOne" time="0.002"/>
  <testcase classname="com.simplilearn.testng.TestNGAnnotationTest" name="testTwo" time="0.002"/>
  <testcase classname="com.simplilearn.testng.TestNGAnnotationTest" name="testthree" time="0.001"/>
  <testcase classname="com.simplilearn.testng.AttributeGroup" name="testOne" time="0.001"/>
  <testcase classname="com.simplilearn.testng.AttributeGroup" name="testTwo" time="0.002"/>
  <testcase classname="com.simplilearn.testng.AttributeGroup" name="testThree" time="0.0">
    <ignored/>
  </testcase> <!-- testThree -->
</testsuite> <!-- Group Test -->
