<?xml version="1.0" encoding="UTF-8"?>
<testsuite name="REST APIs"
           tests="3"
           failures="0"
           errors="0"
           skipped="0"
           time="3.920">
  <properties />
  
  
            <testcase name="getRequestWithQueryParmsTest" time="0.331" classname="com.simplilearn.resttesting.GetRequestTest" />
                <testcase name="getRequestWithUserIdTest" time="0.256" classname="com.simplilearn.resttesting.GetRequestTest" />
                <testcase name="getRequestTest" time="3.333" classname="com.simplilearn.resttesting.GetRequestTest" />
      
</testsuite>
